0 info it worked if it ends with ok
1 verbose cli [ '/usr/local/bin/node', '/usr/local/bin/npm', 'publish' ]
2 info using npm@1.4.9
3 info using node@v0.10.28
4 verbose node symlink /usr/local/bin/node
5 verbose publish [ '.' ]
6 verbose cache add [ '.', null ]
7 verbose cache add name=undefined spec="." args=[".",null]
8 verbose parsed url { protocol: null,
8 verbose parsed url   slashes: null,
8 verbose parsed url   auth: null,
8 verbose parsed url   host: null,
8 verbose parsed url   port: null,
8 verbose parsed url   hostname: null,
8 verbose parsed url   hash: null,
8 verbose parsed url   search: null,
8 verbose parsed url   query: null,
8 verbose parsed url   pathname: '.',
8 verbose parsed url   path: '.',
8 verbose parsed url   href: '.' }
9 silly lockFile 3a52ce78- .
10 verbose lock . /home/sinish/.npm/3a52ce78-.lock
11 verbose tar pack [ '/home/sinish/tmp/npm-27833-RWRpB8x_/1467183658113-0.3286547278985381/tmp.tgz',
11 verbose tar pack   '.' ]
12 verbose tarball /home/sinish/tmp/npm-27833-RWRpB8x_/1467183658113-0.3286547278985381/tmp.tgz
13 verbose folder .
14 info prepublish node-red-contrib-lower@0.0.1
15 silly lockFile 1f1177db-tar tar://.
16 verbose lock tar://. /home/sinish/.npm/1f1177db-tar.lock
17 silly lockFile 109aac8a-58113-0-3286547278985381-tmp-tgz tar:///home/sinish/tmp/npm-27833-RWRpB8x_/1467183658113-0.3286547278985381/tmp.tgz
18 verbose lock tar:///home/sinish/tmp/npm-27833-RWRpB8x_/1467183658113-0.3286547278985381/tmp.tgz /home/sinish/.npm/109aac8a-58113-0-3286547278985381-tmp-tgz.lock
19 silly lockFile 1f1177db-tar tar://.
20 silly lockFile 1f1177db-tar tar://.
21 silly lockFile 109aac8a-58113-0-3286547278985381-tmp-tgz tar:///home/sinish/tmp/npm-27833-RWRpB8x_/1467183658113-0.3286547278985381/tmp.tgz
22 silly lockFile 109aac8a-58113-0-3286547278985381-tmp-tgz tar:///home/sinish/tmp/npm-27833-RWRpB8x_/1467183658113-0.3286547278985381/tmp.tgz
23 verbose tar unpack /home/sinish/tmp/npm-27833-RWRpB8x_/1467183658113-0.3286547278985381/tmp.tgz
24 silly lockFile dd459a68--red-contrib-lower-0-0-1-package tar:///home/sinish/.npm/node-red-contrib-lower/0.0.1/package
25 verbose lock tar:///home/sinish/.npm/node-red-contrib-lower/0.0.1/package /home/sinish/.npm/dd459a68--red-contrib-lower-0-0-1-package.lock
26 silly lockFile 109aac8a-58113-0-3286547278985381-tmp-tgz tar:///home/sinish/tmp/npm-27833-RWRpB8x_/1467183658113-0.3286547278985381/tmp.tgz
27 verbose lock tar:///home/sinish/tmp/npm-27833-RWRpB8x_/1467183658113-0.3286547278985381/tmp.tgz /home/sinish/.npm/109aac8a-58113-0-3286547278985381-tmp-tgz.lock
28 silly gunzTarPerm modes [ '755', '644' ]
29 silly gunzTarPerm extractEntry package.json
30 silly gunzTarPerm modified mode [ 'package.json', 511, 493 ]
31 silly gunzTarPerm extractEntry README.md
32 silly gunzTarPerm extractEntry LICENSE
33 silly gunzTarPerm extractEntry lower/lower-case.js
34 silly gunzTarPerm extractEntry lower/lower-case.html
35 silly lockFile dd459a68--red-contrib-lower-0-0-1-package tar:///home/sinish/.npm/node-red-contrib-lower/0.0.1/package
36 silly lockFile dd459a68--red-contrib-lower-0-0-1-package tar:///home/sinish/.npm/node-red-contrib-lower/0.0.1/package
37 silly lockFile 109aac8a-58113-0-3286547278985381-tmp-tgz tar:///home/sinish/tmp/npm-27833-RWRpB8x_/1467183658113-0.3286547278985381/tmp.tgz
38 silly lockFile 109aac8a-58113-0-3286547278985381-tmp-tgz tar:///home/sinish/tmp/npm-27833-RWRpB8x_/1467183658113-0.3286547278985381/tmp.tgz
39 silly lockFile 3a52ce78- .
40 silly lockFile 3a52ce78- .
41 silly publish { name: 'node-red-contrib-lower',
41 silly publish   version: '0.0.1',
41 silly publish   description: 'A sample node for node-red to convert lower case',
41 silly publish   dependencies: {},
41 silly publish   keywords: [ 'node-red' ],
41 silly publish   'node-red': { nodes: { lower: 'lower/lower.js' } },
41 silly publish   readme: '# node-red-contrib-twitter-stream\r\nnode-red node for accessing the Twitter streaming API (based on https://github.com/desmondmorris/node-twitter/)\r\n\r\n## Installation\r\nnpm -g install node-red-contrib-twitter-stream\r\n\r\n## Features\r\n- connect to the Twitter streaming API and get tweets of specific users (follow)\r\n- connect to the Twitter streaming API and get tweets of specific topics (track)\r\n \r\n## Configuration\r\n- Get a Twitter dev account from https://dev.twitter.com\r\n- Create a Twitter App on https://apps.twitter.com\r\n- Choose Twitter users / hashtags or random search strings\r\n',
41 silly publish   readmeFilename: 'README.md',
41 silly publish   _id: 'node-red-contrib-lower@0.0.1',
41 silly publish   _shasum: '5df8bccb69c9dbb962226c51242294bc6fe1b1cf',
41 silly publish   _from: '.' }
42 verbose url raw node-red-contrib-lower
43 verbose url resolving [ 'https://registry.npmjs.org/', './node-red-contrib-lower' ]
44 verbose url resolved https://registry.npmjs.org/node-red-contrib-lower
45 info trying registry request attempt 1 at 12:30:58
46 http PUT https://registry.npmjs.org/node-red-contrib-lower
47 http 403 https://registry.npmjs.org/node-red-contrib-lower
48 verbose headers { 'content-type': 'application/json',
48 verbose headers   'cache-control': 'max-age=300',
48 verbose headers   'content-length': '95',
48 verbose headers   'accept-ranges': 'bytes',
48 verbose headers   date: 'Wed, 29 Jun 2016 07:01:00 GMT',
48 verbose headers   via: '1.1 varnish',
48 verbose headers   connection: 'keep-alive',
48 verbose headers   'x-served-by': 'cache-sin6926-SIN',
48 verbose headers   'x-cache': 'MISS',
48 verbose headers   'x-cache-hits': '0',
48 verbose headers   'x-timer': 'S1467183659.660484,VS0,VE1027',
48 verbose headers   vary: 'Accept-Encoding' }
49 error publish Failed PUT 403
50 error Error: "You cannot publish over the previously published version 0.0.1." : node-red-contrib-lower
50 error     at RegClient.<anonymous> (/usr/share/node-v0.10.28-linux-x64/lib/node_modules/npm/node_modules/npm-registry-client/lib/request.js:273:14)
50 error     at Request._callback (/usr/share/node-v0.10.28-linux-x64/lib/node_modules/npm/node_modules/npm-registry-client/lib/request.js:211:65)
50 error     at Request.self.callback (/usr/share/node-v0.10.28-linux-x64/lib/node_modules/npm/node_modules/request/request.js:123:22)
50 error     at Request.EventEmitter.emit (events.js:98:17)
50 error     at Request.<anonymous> (/usr/share/node-v0.10.28-linux-x64/lib/node_modules/npm/node_modules/request/request.js:893:14)
50 error     at Request.EventEmitter.emit (events.js:117:20)
50 error     at IncomingMessage.<anonymous> (/usr/share/node-v0.10.28-linux-x64/lib/node_modules/npm/node_modules/request/request.js:844:12)
50 error     at IncomingMessage.EventEmitter.emit (events.js:117:20)
50 error     at _stream_readable.js:919:16
50 error     at process._tickCallback (node.js:419:13)
51 error If you need help, you may report this *entire* log,
51 error including the npm and node versions, at:
51 error     <http://github.com/npm/npm/issues>
52 error System Linux 2.6.38-8-generic
53 error command "/usr/local/bin/node" "/usr/local/bin/npm" "publish"
54 error cwd /home/sinish/www/shiju/node-red-contrib-lowercase/node-red-contrib-lowercase
55 error node -v v0.10.28
56 error npm -v 1.4.9
57 verbose exit [ 1, true ]
